READ_START Reader-1 replica=1 active=1 loads=[1,0,0] writerActive=no content=-
READ_DONE Reader-1 replica=1 active=0 loads=[0,0,0] writerActive=no content=-
READ_START Reader-2 replica=1 active=1 loads=[1,0,0] writerActive=no content=-
READ_DONE Reader-2 replica=1 active=0 loads=[0,0,0] writerActive=no content=-
READ_START Reader-3 replica=1 active=1 loads=[1,0,0] writerActive=no content=-
READ_DONE Reader-3 replica=1 active=0 loads=[0,0,0] writerActive=no content=-
READ_START Reader-4 replica=1 active=1 loads=[1,0,0] writerActive=no content=-
READ_DONE Reader-4 replica=1 active=0 loads=[0,0,0] writerActive=no content=-
READ_START Reader-5 replica=1 active=1 loads=[1,0,0] writerActive=no content=-
READ_DONE Reader-5 replica=1 active=0 loads=[0,0,0] writerActive=no content=-
READ_START Reader-6 replica=1 active=1 loads=[1,0,0] writerActive=no content=-
READ_DONE Reader-6 replica=1 active=0 loads=[0,0,0] writerActive=no content=-
READ_START Reader-7 replica=1 active=1 loads=[1,0,0] writerActive=no content=-
READ_DONE Reader-7 replica=1 active=0 loads=[0,0,0] writerActive=no content=-
READ_START Reader-8 replica=1 active=1 loads=[1,0,0] writerActive=no content=-
READ_DONE Reader-8 replica=1 active=0 loads=[0,0,0] writerActive=no content=-
READ_START Reader-9 replica=1 active=1 loads=[1,0,0] writerActive=no content=-
READ_DONE Reader-9 replica=1 active=0 loads=[0,0,0] writerActive=no content=-
WRITE_PENDING Writer active=0 loads=[0,0,0] writerActive=no content=initial content v0
WRITE_DONE Writer active=0 loads=[0,0,0] writerActive=yes content=Version 1 written by Writer.
READ_START Reader-10 replica=1 active=1 loads=[1,0,0] writerActive=no content=-
READ_DONE Reader-10 replica=1 active=0 loads=[0,0,0] writerActive=no content=-
READ_START Reader-11 replica=1 active=1 loads=[1,0,0] writerActive=no content=-
READ_DONE Reader-11 replica=1 active=0 loads=[0,0,0] writerActive=no content=-
READ_START Reader-12 replica=1 active=1 loads=[1,0,0] writerActive=no content=-
READ_DONE Reader-12 replica=1 active=0 loads=[0,0,0] writerActive=no content=-
READ_START Reader-13 replica=1 active=1 loads=[1,0,0] writerActive=no content=-
READ_DONE Reader-13 replica=1 active=0 loads=[0,0,0] writerActive=no content=-
READ_START Reader-14 replica=1 active=1 loads=[1,0,0] writerActive=no content=-
READ_DONE Reader-14 replica=1 active=0 loads=[0,0,0] writerActive=no content=-
READ_START Reader-15 replica=1 active=1 loads=[1,0,0] writerActive=no content=-
READ_DONE Reader-15 replica=1 active=0 loads=[0,0,0] writerActive=no content=-
READ_START Reader-16 replica=1 active=1 loads=[1,0,0] writerActive=no content=-
READ_DONE Reader-16 replica=1 active=0 loads=[0,0,0] writerActive=no content=-
READ_START Reader-17 replica=1 active=1 loads=[1,0,0] writerActive=no content=-
WRITE_PENDING Writer active=1 loads=[1,0,0] writerActive=no content=Version 1 written by Writer.
READ_DONE Reader-17 replica=1 active=0 loads=[0,0,0] writerActive=no content=-
WRITE_DONE Writer active=0 loads=[0,0,0] writerActive=yes content=Version 2 written by Writer.
READ_START Reader-18 replica=1 active=1 loads=[1,0,0] writerActive=no content=-
READ_DONE Reader-18 replica=1 active=0 loads=[0,0,0] writerActive=no content=-
READ_START Reader-19 replica=1 active=1 loads=[1,0,0] writerActive=no content=-
READ_DONE Reader-19 replica=1 active=0 loads=[0,0,0] writerActive=no content=-
READ_START Reader-20 replica=1 active=1 loads=[1,0,0] writerActive=no content=-
READ_DONE Reader-20 replica=1 active=0 loads=[0,0,0] writerActive=no content=-
READ_START Reader-21 replica=1 active=1 loads=[1,0,0] writerActive=no content=-
READ_START Reader-22 replica=2 active=2 loads=[1,1,0] writerActive=no content=-
READ_DONE Reader-21 replica=1 active=1 loads=[0,1,0] writerActive=no content=-
READ_DONE Reader-22 replica=2 active=0 loads=[0,0,0] writerActive=no content=-
READ_START Reader-23 replica=1 active=1 loads=[1,0,0] writerActive=no content=-
READ_DONE Reader-23 replica=1 active=0 loads=[0,0,0] writerActive=no content=-
READ_START Reader-24 replica=1 active=1 loads=[1,0,0] writerActive=no content=-
READ_START Reader-25 replica=2 active=2 loads=[1,1,0] writerActive=no content=-
READ_DONE Reader-24 replica=1 active=1 loads=[0,1,0] writerActive=no content=-
READ_DONE Reader-25 replica=2 active=0 loads=[0,0,0] writerActive=no content=-
WRITE_PENDING Writer active=0 loads=[0,0,0] writerActive=no content=Version 2 written by Writer.
WRITE_DONE Writer active=0 loads=[0,0,0] writerActive=yes content=Version 3 written by Writer.
READ_START Reader-26 replica=1 active=1 loads=[1,0,0] writerActive=no content=-
READ_DONE Reader-26 replica=1 active=0 loads=[0,0,0] writerActive=no content=-
READ_START Reader-27 replica=1 active=1 loads=[1,0,0] writerActive=no content=-
READ_START Reader-28 replica=2 active=2 loads=[1,1,0] writerActive=no content=-
READ_DONE Reader-27 replica=1 active=1 loads=[0,1,0] writerActive=no content=-
READ_START Reader-29 replica=1 active=2 loads=[1,1,0] writerActive=no content=-
READ_DONE Reader-28 replica=2 active=1 loads=[1,0,0] writerActive=no content=-
READ_DONE Reader-29 replica=1 active=0 loads=[0,0,0] writerActive=no content=-
READ_START Reader-30 replica=1 active=1 loads=[1,0,0] writerActive=no content=-
READ_DONE Reader-30 replica=1 active=0 loads=[0,0,0] writerActive=no content=-
READ_START Reader-31 replica=1 active=1 loads=[1,0,0] writerActive=no content=-
READ_DONE Reader-31 replica=1 active=0 loads=[0,0,0] writerActive=no content=-
READ_START Reader-32 replica=1 active=1 loads=[1,0,0] writerActive=no content=-
READ_DONE Reader-32 replica=1 active=0 loads=[0,0,0] writerActive=no content=-
WRITE_PENDING Writer active=0 loads=[0,0,0] writerActive=no content=Version 3 written by Writer.
WRITE_DONE Writer active=0 loads=[0,0,0] writerActive=yes content=Version 4 written by Writer.
READ_START Reader-33 replica=1 active=1 loads=[1,0,0] writerActive=no content=-
READ_DONE Reader-33 replica=1 active=0 loads=[0,0,0] writerActive=no content=-
READ_START Reader-34 replica=1 active=1 loads=[1,0,0] writerActive=no content=-
READ_DONE Reader-34 replica=1 active=0 loads=[0,0,0] writerActive=no content=-
